<?xml version="1.0" encoding="UTF-8"?>
<testng-results ignored="0" total="2" passed="2" failed="0" skipped="0">
  <reporter-output>
  </reporter-output>
  <suite started-at="2025-03-19T05:25:31Z" name="Suite" finished-at="2025-03-19T05:25:31Z" duration-ms="37">
    <groups>
    </groups>
    <test started-at="2025-03-19T05:25:31Z" name="Test" finished-at="2025-03-19T05:25:31Z" duration-ms="37">
      <class name="pac2.OrgTest">
        <test-method signature="createOrgTest()[pri:0, instance:pac2.OrgTest@5f049ea1]" started-at="2025-03-19T05:25:31Z" name="createOrgTest" finished-at="2025-03-19T05:25:31Z" duration-ms="11" status="PASS">
          <reporter-output>
          </reporter-output>
        </test-method> <!-- createOrgTest -->
        <test-method signature="modifyOrgTest()[pri:0, instance:pac2.OrgTest@5f049ea1]" started-at="2025-03-19T05:25:31Z" name="modifyOrgTest" finished-at="2025-03-19T05:25:31Z" duration-ms="2" status="PASS">
          <reporter-output>
          </reporter-output>
        </test-method> <!-- modifyOrgTest -->
      </class> <!-- pac2.OrgTest -->
    </test> <!-- Test -->
  </suite> <!-- Suite -->
</testng-results>
